[2018-05-02 21:38:51] local.ERROR: exception 'ReflectionException' with message 'Class Wormhole\Protocols\QianNiu\Controllers\Api\EvseController does not exist' in /data/Wormhole/bootstrap/cache/compiled.php:1479
Stack trace:
#0 /data/Wormhole/bootstrap/cache/compiled.php(1479): ReflectionClass->__construct('Wormhole\\Protoc...')
#1 /data/Wormhole/bootstrap/cache/compiled.php(1433): Illuminate\Container\Container->build('Wormhole\\Protoc...', Array)
#2 /data/Wormhole/bootstrap/cache/compiled.php(2011): Illuminate\Container\Container->make('Wormhole\\Protoc...', Array)
#3 /data/Wormhole/bootstrap/cache/compiled.php(8671): Illuminate\Foundation\Application->make('Wormhole\\Protoc...')
#4 /data/Wormhole/bootstrap/cache/compiled.php(8723): Illuminate\Routing\Route->getController()
#5 /data/Wormhole/bootstrap/cache/compiled.php(8705): Illuminate\Routing\Route->controllerMiddleware()
#6 /data/Wormhole/bootstrap/cache/compiled.php(8360): Illuminate\Routing\Route->gatherMiddleware()
#7 /data/Wormhole/bootstrap/cache/compiled.php(8353): Illuminate\Routing\Router->gatherRouteMiddleware(Object(Illuminate\Routing\Route))
#8 /data/Wormhole/bootstrap/cache/compiled.php(8347): Illuminate\Routing\Router->runRouteWithinStack(Object(Illuminate\Routing\Route), Object(Dingo\Api\Http\Request))
#9 /data/Wormhole/bootstrap/cache/compiled.php(8338): Illuminate\Routing\Router->dispatchToRoute(Object(Dingo\Api\Http\Request))
#10 /data/Wormhole/vendor/dingo/api/src/Routing/Adapter/Laravel.php(81): Illuminate\Routing\Router->dispatch(Object(Dingo\Api\Http\Request))
#11 /data/Wormhole/vendor/dingo/api/src/Routing/Router.php(513): Dingo\Api\Routing\Adapter\Laravel->dispatch(Object(Dingo\Api\Http\Request), 'QianNiu')
#12 /data/Wormhole/vendor/dingo/api/src/Http/Middleware/Request.php(126): Dingo\Api\Routing\Router->dispatch(Object(Dingo\Api\Http\Request))
#13 /data/Wormhole/bootstrap/cache/compiled.php(10076): Dingo\Api\Http\Middleware\Request->Dingo\Api\Http\Middleware\{closure}(Object(Dingo\Api\Http\Request))
#14 /data/Wormhole/bootstrap/cache/compiled.php(3374): Illuminate\Pipeline\Pipeline->Illuminate\Pipeline\{closure}(Object(Dingo\Api\Http\Request))
#15 /data/Wormhole/bootstrap/cache/compiled.php(10069): Illuminate\Foundation\Http\Middleware\CheckForMaintenanceMode->handle(Object(Dingo\Api\Http\Request), Object(Closure))
#16 /data/Wormhole/bootstrap/cache/compiled.php(10054): Illuminate\Pipeline\Pipeline->Illuminate\Pipeline\{closure}(Object(Dingo\Api\Http\Request))
#17 /data/Wormhole/vendor/dingo/api/src/Http/Middleware/Request.php(127): Illuminate\Pipeline\Pipeline->then(Object(Closure))
#18 /data/Wormhole/vendor/dingo/api/src/Http/Middleware/Request.php(103): Dingo\Api\Http\Middleware\Request->sendRequestThroughRouter(Object(Dingo\Api\Http\Request))
#19 /data/Wormhole/bootstrap/cache/compiled.php(10069): Dingo\Api\Http\Middleware\Request->handle(Object(Illuminate\Http\Request), Object(Closure))
#20 /data/Wormhole/vendor/laravel/framework/src/Illuminate/Routing/Pipeline.php(33): Illuminate\Pipeline\Pipeline->Illuminate\Pipeline\{closure}(Object(Illuminate\Http\Request))
#21 /data/Wormhole/bootstrap/cache/compiled.php(10054): Illuminate\Routing\Pipeline->Illuminate\Routing\{closure}(Object(Illuminate\Http\Request))
#22 /data/Wormhole/bootstrap/cache/compiled.php(2519): Illuminate\Pipeline\Pipeline->then(Object(Closure))
#23 /data/Wormhole/bootstrap/cache/compiled.php(2503): Illuminate\Foundation\Http\Kernel->sendRequestThroughRouter(Object(Illuminate\Http\Request))
#24 /data/Wormhole/public/index.php(53): Illuminate\Foundation\Http\Kernel->handle(Object(Illuminate\Http\Request))
#25 {main}  
[2018-05-02 21:38:51] local.ERROR: exception 'ReflectionException' with message 'Class Wormhole\Protocols\QianNiu\Controllers\Api\EvseController does not exist' in /data/Wormhole/bootstrap/cache/compiled.php:1479
Stack trace:
#0 /data/Wormhole/bootstrap/cache/compiled.php(1479): ReflectionClass->__construct('Wormhole\\Protoc...')
#1 /data/Wormhole/bootstrap/cache/compiled.php(1433): Illuminate\Container\Container->build('Wormhole\\Protoc...', Array)
#2 /data/Wormhole/bootstrap/cache/compiled.php(2011): Illuminate\Container\Container->make('Wormhole\\Protoc...', Array)
#3 /data/Wormhole/bootstrap/cache/compiled.php(8671): Illuminate\Foundation\Application->make('Wormhole\\Protoc...')
#4 /data/Wormhole/bootstrap/cache/compiled.php(8723): Illuminate\Routing\Route->getController()
#5 /data/Wormhole/bootstrap/cache/compiled.php(8705): Illuminate\Routing\Route->controllerMiddleware()
#6 /data/Wormhole/bootstrap/cache/compiled.php(8360): Illuminate\Routing\Route->gatherMiddleware()
#7 /data/Wormhole/vendor/dingo/api/src/Routing/Adapter/Laravel.php(233): Illuminate\Routing\Router->gatherRouteMiddleware(Object(Illuminate\Routing\Route))
#8 /data/Wormhole/vendor/dingo/api/src/Routing/Router.php(582): Dingo\Api\Routing\Adapter\Laravel->gatherRouteMiddlewares(Object(Illuminate\Routing\Route))
#9 /data/Wormhole/vendor/dingo/api/src/Http/Middleware/Request.php(200): Dingo\Api\Routing\Router->gatherRouteMiddlewares(Object(Illuminate\Routing\Route))
#10 /data/Wormhole/vendor/dingo/api/src/Http/Middleware/Request.php(145): Dingo\Api\Http\Middleware\Request->gatherRouteMiddlewares(Object(Dingo\Api\Http\Request))
#11 /data/Wormhole/bootstrap/cache/compiled.php(2531): Dingo\Api\Http\Middleware\Request->terminate(Object(Illuminate\Http\Request), Object(Dingo\Api\Http\Response))
#12 /data/Wormhole/public/index.php(57): Illuminate\Foundation\Http\Kernel->terminate(Object(Illuminate\Http\Request), Object(Dingo\Api\Http\Response))
#13 {main}  
[2018-05-02 21:38:53] local.ERROR: exception 'ReflectionException' with message 'Class Wormhole\Protocols\QianNiu\Controllers\Api\EvseController does not exist' in /data/Wormhole/bootstrap/cache/compiled.php:1479
Stack trace:
#0 /data/Wormhole/bootstrap/cache/compiled.php(1479): ReflectionClass->__construct('Wormhole\\Protoc...')
#1 /data/Wormhole/bootstrap/cache/compiled.php(1433): Illuminate\Container\Container->build('Wormhole\\Protoc...', Array)
#2 /data/Wormhole/bootstrap/cache/compiled.php(2011): Illuminate\Container\Container->make('Wormhole\\Protoc...', Array)
#3 /data/Wormhole/bootstrap/cache/compiled.php(8671): Illuminate\Foundation\Application->make('Wormhole\\Protoc...')
#4 /data/Wormhole/bootstrap/cache/compiled.php(8723): Illuminate\Routing\Route->getController()
#5 /data/Wormhole/bootstrap/cache/compiled.php(8705): Illuminate\Routing\Route->controllerMiddleware()
#6 /data/Wormhole/bootstrap/cache/compiled.php(8360): Illuminate\Routing\Route->gatherMiddleware()
#7 /data/Wormhole/bootstrap/cache/compiled.php(8353): Illuminate\Routing\Router->gatherRouteMiddleware(Object(Illuminate\Routing\Route))
#8 /data/Wormhole/bootstrap/cache/compiled.php(8347): Illuminate\Routing\Router->runRouteWithinStack(Object(Illuminate\Routing\Route), Object(Dingo\Api\Http\Request))
#9 /data/Wormhole/bootstrap/cache/compiled.php(8338): Illuminate\Routing\Router->dispatchToRoute(Object(Dingo\Api\Http\Request))
#10 /data/Wormhole/vendor/dingo/api/src/Routing/Adapter/Laravel.php(81): Illuminate\Routing\Router->dispatch(Object(Dingo\Api\Http\Request))
#11 /data/Wormhole/vendor/dingo/api/src/Routing/Router.php(513): Dingo\Api\Routing\Adapter\Laravel->dispatch(Object(Dingo\Api\Http\Request), 'QianNiu')
#12 /data/Wormhole/vendor/dingo/api/src/Http/Middleware/Request.php(126): Dingo\Api\Routing\Router->dispatch(Object(Dingo\Api\Http\Request))
#13 /data/Wormhole/bootstrap/cache/compiled.php(10076): Dingo\Api\Http\Middleware\Request->Dingo\Api\Http\Middleware\{closure}(Object(Dingo\Api\Http\Request))
#14 /data/Wormhole/bootstrap/cache/compiled.php(3374): Illuminate\Pipeline\Pipeline->Illuminate\Pipeline\{closure}(Object(Dingo\Api\Http\Request))
#15 /data/Wormhole/bootstrap/cache/compiled.php(10069): Illuminate\Foundation\Http\Middleware\CheckForMaintenanceMode->handle(Object(Dingo\Api\Http\Request), Object(Closure))
#16 /data/Wormhole/bootstrap/cache/compiled.php(10054): Illuminate\Pipeline\Pipeline->Illuminate\Pipeline\{closure}(Object(Dingo\Api\Http\Request))
#17 /data/Wormhole/vendor/dingo/api/src/Http/Middleware/Request.php(127): Illuminate\Pipeline\Pipeline->then(Object(Closure))
#18 /data/Wormhole/vendor/dingo/api/src/Http/Middleware/Request.php(103): Dingo\Api\Http\Middleware\Request->sendRequestThroughRouter(Object(Dingo\Api\Http\Request))
#19 /data/Wormhole/bootstrap/cache/compiled.php(10069): Dingo\Api\Http\Middleware\Request->handle(Object(Illuminate\Http\Request), Object(Closure))
#20 /data/Wormhole/vendor/laravel/framework/src/Illuminate/Routing/Pipeline.php(33): Illuminate\Pipeline\Pipeline->Illuminate\Pipeline\{closure}(Object(Illuminate\Http\Request))
#21 /data/Wormhole/bootstrap/cache/compiled.php(10054): Illuminate\Routing\Pipeline->Illuminate\Routing\{closure}(Object(Illuminate\Http\Request))
#22 /data/Wormhole/bootstrap/cache/compiled.php(2519): Illuminate\Pipeline\Pipeline->then(Object(Closure))
#23 /data/Wormhole/bootstrap/cache/compiled.php(2503): Illuminate\Foundation\Http\Kernel->sendRequestThroughRouter(Object(Illuminate\Http\Request))
#24 /data/Wormhole/public/index.php(53): Illuminate\Foundation\Http\Kernel->handle(Object(Illuminate\Http\Request))
#25 {main}  
[2018-05-02 21:38:53] local.ERROR: exception 'ReflectionException' with message 'Class Wormhole\Protocols\QianNiu\Controllers\Api\EvseController does not exist' in /data/Wormhole/bootstrap/cache/compiled.php:1479
Stack trace:
#0 /data/Wormhole/bootstrap/cache/compiled.php(1479): ReflectionClass->__construct('Wormhole\\Protoc...')
#1 /data/Wormhole/bootstrap/cache/compiled.php(1433): Illuminate\Container\Container->build('Wormhole\\Protoc...', Array)
#2 /data/Wormhole/bootstrap/cache/compiled.php(2011): Illuminate\Container\Container->make('Wormhole\\Protoc...', Array)
#3 /data/Wormhole/bootstrap/cache/compiled.php(8671): Illuminate\Foundation\Application->make('Wormhole\\Protoc...')
#4 /data/Wormhole/bootstrap/cache/compiled.php(8723): Illuminate\Routing\Route->getController()
#5 /data/Wormhole/bootstrap/cache/compiled.php(8705): Illuminate\Routing\Route->controllerMiddleware()
#6 /data/Wormhole/bootstrap/cache/compiled.php(8360): Illuminate\Routing\Route->gatherMiddleware()
#7 /data/Wormhole/vendor/dingo/api/src/Routing/Adapter/Laravel.php(233): Illuminate\Routing\Router->gatherRouteMiddleware(Object(Illuminate\Routing\Route))
#8 /data/Wormhole/vendor/dingo/api/src/Routing/Router.php(582): Dingo\Api\Routing\Adapter\Laravel->gatherRouteMiddlewares(Object(Illuminate\Routing\Route))
#9 /data/Wormhole/vendor/dingo/api/src/Http/Middleware/Request.php(200): Dingo\Api\Routing\Router->gatherRouteMiddlewares(Object(Illuminate\Routing\Route))
#10 /data/Wormhole/vendor/dingo/api/src/Http/Middleware/Request.php(145): Dingo\Api\Http\Middleware\Request->gatherRouteMiddlewares(Object(Dingo\Api\Http\Request))
#11 /data/Wormhole/bootstrap/cache/compiled.php(2531): Dingo\Api\Http\Middleware\Request->terminate(Object(Illuminate\Http\Request), Object(Dingo\Api\Http\Response))
#12 /data/Wormhole/public/index.php(57): Illuminate\Foundation\Http\Kernel->terminate(Object(Illuminate\Http\Request), Object(Dingo\Api\Http\Response))
#13 {main}  
