[2018-05-01 00:20:45] local.ERROR: exception 'Symfony\Component\Console\Exception\CommandNotFoundException' with message 'Command "make:quchong" is not defined.

Did you mean one of these?
    make:provider
    make:policy
    make:notification
    make:request
    make:seeder
    make:migration
    make:test
    make:model
    make:middleware
    make:controller
    make:command
    make:event
    make:job
    make:mail
    make:listener
    make:auth' in E:\code\qianniu\Wormhole\vendor\symfony\console\Application.php:534
Stack trace:
#0 E:\code\qianniu\Wormhole\vendor\symfony\console\Application.php(182): Symfony\Component\Console\Application->find('make:quchong')
#1 E:\code\qianniu\Wormhole\vendor\symfony\console\Application.php(116): Symfony\Component\Console\Application->doRun(Object(Symfony\Component\Console\Input\ArgvInput), Object(Symfony\Component\Console\Output\ConsoleOutput))
#2 E:\code\qianniu\Wormhole\vendor\laravel\framework\src\Illuminate\Foundation\Console\Kernel.php(121): Symfony\Component\Console\Application->run(Object(Symfony\Component\Console\Input\ArgvInput), Object(Symfony\Component\Console\Output\ConsoleOutput))
#3 E:\code\qianniu\Wormhole\artisan(36): Illuminate\Foundation\Console\Kernel->handle(Object(Symfony\Component\Console\Input\ArgvInput), Object(Symfony\Component\Console\Output\ConsoleOutput))
#4 {main}  
[2018-05-01 00:22:44] local.ERROR: exception 'Symfony\Component\Console\Exception\RuntimeException' with message 'Too many arguments, expected arguments "command".' in E:\code\qianniu\Wormhole\vendor\symfony\console\Input\ArgvInput.php:184
Stack trace:
#0 E:\code\qianniu\Wormhole\vendor\symfony\console\Input\ArgvInput.php(88): Symfony\Component\Console\Input\ArgvInput->parseArgument('quchong')
#1 E:\code\qianniu\Wormhole\vendor\symfony\console\Input\Input.php(62): Symfony\Component\Console\Input\ArgvInput->parse()
#2 E:\code\qianniu\Wormhole\vendor\symfony\console\Command\Command.php(219): Symfony\Component\Console\Input\Input->bind(Object(Symfony\Component\Console\Input\InputDefinition))
#3 E:\code\qianniu\Wormhole\vendor\laravel\framework\src\Illuminate\Console\Command.php(155): Symfony\Component\Console\Command\Command->run(Object(Symfony\Component\Console\Input\ArgvInput), Object(Symfony\Component\Console\Output\ConsoleOutput))
#4 E:\code\qianniu\Wormhole\vendor\symfony\console\Application.php(817): Illuminate\Console\Command->run(Object(Symfony\Component\Console\Input\ArgvInput), Object(Symfony\Component\Console\Output\ConsoleOutput))
#5 E:\code\qianniu\Wormhole\vendor\symfony\console\Application.php(185): Symfony\Component\Console\Application->doRunCommand(Object(Illuminate\Database\Console\Migrations\MigrateCommand), Object(Symfony\Component\Console\Input\ArgvInput), Object(Symfony\Component\Console\Output\ConsoleOutput))
#6 E:\code\qianniu\Wormhole\vendor\symfony\console\Application.php(116): Symfony\Component\Console\Application->doRun(Object(Symfony\Component\Console\Input\ArgvInput), Object(Symfony\Component\Console\Output\ConsoleOutput))
#7 E:\code\qianniu\Wormhole\vendor\laravel\framework\src\Illuminate\Foundation\Console\Kernel.php(121): Symfony\Component\Console\Application->run(Object(Symfony\Component\Console\Input\ArgvInput), Object(Symfony\Component\Console\Output\ConsoleOutput))
#8 E:\code\qianniu\Wormhole\artisan(36): Illuminate\Foundation\Console\Kernel->handle(Object(Symfony\Component\Console\Input\ArgvInput), Object(Symfony\Component\Console\Output\ConsoleOutput))
#9 {main}  
[2018-05-01 00:23:04] local.ERROR: exception 'Symfony\Component\Console\Exception\CommandNotFoundException' with message 'Command "migrate:quchong" is not defined.

Did you mean one of these?
    migrate:refresh
    migrate:status
    migrate:reset
    migrate:rollback
    migrate:install
    migrate' in E:\code\qianniu\Wormhole\vendor\symfony\console\Application.php:534
Stack trace:
#0 E:\code\qianniu\Wormhole\vendor\symfony\console\Application.php(182): Symfony\Component\Console\Application->find('migrate:quchong')
#1 E:\code\qianniu\Wormhole\vendor\symfony\console\Application.php(116): Symfony\Component\Console\Application->doRun(Object(Symfony\Component\Console\Input\ArgvInput), Object(Symfony\Component\Console\Output\ConsoleOutput))
#2 E:\code\qianniu\Wormhole\vendor\laravel\framework\src\Illuminate\Foundation\Console\Kernel.php(121): Symfony\Component\Console\Application->run(Object(Symfony\Component\Console\Input\ArgvInput), Object(Symfony\Component\Console\Output\ConsoleOutput))
#3 E:\code\qianniu\Wormhole\artisan(36): Illuminate\Foundation\Console\Kernel->handle(Object(Symfony\Component\Console\Input\ArgvInput), Object(Symfony\Component\Console\Output\ConsoleOutput))
#4 {main}  
[2018-05-01 00:24:23] local.ERROR: exception 'Symfony\Component\Console\Exception\RuntimeException' with message 'Too many arguments, expected arguments "command".' in E:\code\qianniu\Wormhole\vendor\symfony\console\Input\ArgvInput.php:184
Stack trace:
#0 E:\code\qianniu\Wormhole\vendor\symfony\console\Input\ArgvInput.php(88): Symfony\Component\Console\Input\ArgvInput->parseArgument('quchong')
#1 E:\code\qianniu\Wormhole\vendor\symfony\console\Input\Input.php(62): Symfony\Component\Console\Input\ArgvInput->parse()
#2 E:\code\qianniu\Wormhole\vendor\symfony\console\Command\Command.php(219): Symfony\Component\Console\Input\Input->bind(Object(Symfony\Component\Console\Input\InputDefinition))
#3 E:\code\qianniu\Wormhole\vendor\laravel\framework\src\Illuminate\Console\Command.php(155): Symfony\Component\Console\Command\Command->run(Object(Symfony\Component\Console\Input\ArgvInput), Object(Symfony\Component\Console\Output\ConsoleOutput))
#4 E:\code\qianniu\Wormhole\vendor\symfony\console\Application.php(817): Illuminate\Console\Command->run(Object(Symfony\Component\Console\Input\ArgvInput), Object(Symfony\Component\Console\Output\ConsoleOutput))
#5 E:\code\qianniu\Wormhole\vendor\symfony\console\Application.php(185): Symfony\Component\Console\Application->doRunCommand(Object(Illuminate\Database\Console\Migrations\MigrateCommand), Object(Symfony\Component\Console\Input\ArgvInput), Object(Symfony\Component\Console\Output\ConsoleOutput))
#6 E:\code\qianniu\Wormhole\vendor\symfony\console\Application.php(116): Symfony\Component\Console\Application->doRun(Object(Symfony\Component\Console\Input\ArgvInput), Object(Symfony\Component\Console\Output\ConsoleOutput))
#7 E:\code\qianniu\Wormhole\vendor\laravel\framework\src\Illuminate\Foundation\Console\Kernel.php(121): Symfony\Component\Console\Application->run(Object(Symfony\Component\Console\Input\ArgvInput), Object(Symfony\Component\Console\Output\ConsoleOutput))
#8 E:\code\qianniu\Wormhole\artisan(36): Illuminate\Foundation\Console\Kernel->handle(Object(Symfony\Component\Console\Input\ArgvInput), Object(Symfony\Component\Console\Output\ConsoleOutput))
#9 {main}  
[2018-05-01 00:24:37] local.ERROR: exception 'Symfony\Component\Console\Exception\CommandNotFoundException' with message 'Command "migrate:quchong" is not defined.

Did you mean one of these?
    migrate:refresh
    migrate:status
    migrate:reset
    migrate:rollback
    migrate:install
    migrate' in E:\code\qianniu\Wormhole\vendor\symfony\console\Application.php:534
Stack trace:
#0 E:\code\qianniu\Wormhole\vendor\symfony\console\Application.php(182): Symfony\Component\Console\Application->find('migrate:quchong')
#1 E:\code\qianniu\Wormhole\vendor\symfony\console\Application.php(116): Symfony\Component\Console\Application->doRun(Object(Symfony\Component\Console\Input\ArgvInput), Object(Symfony\Component\Console\Output\ConsoleOutput))
#2 E:\code\qianniu\Wormhole\vendor\laravel\framework\src\Illuminate\Foundation\Console\Kernel.php(121): Symfony\Component\Console\Application->run(Object(Symfony\Component\Console\Input\ArgvInput), Object(Symfony\Component\Console\Output\ConsoleOutput))
#3 E:\code\qianniu\Wormhole\artisan(36): Illuminate\Foundation\Console\Kernel->handle(Object(Symfony\Component\Console\Input\ArgvInput), Object(Symfony\Component\Console\Output\ConsoleOutput))
#4 {main}  
[2018-05-01 00:26:10] local.ERROR: exception 'Symfony\Component\Console\Exception\CommandNotFoundException' with message 'Command "migrate/quchong" is not defined.' in E:\code\qianniu\Wormhole\vendor\symfony\console\Application.php:534
Stack trace:
#0 E:\code\qianniu\Wormhole\vendor\symfony\console\Application.php(182): Symfony\Component\Console\Application->find('migrate/quchong')
#1 E:\code\qianniu\Wormhole\vendor\symfony\console\Application.php(116): Symfony\Component\Console\Application->doRun(Object(Symfony\Component\Console\Input\ArgvInput), Object(Symfony\Component\Console\Output\ConsoleOutput))
#2 E:\code\qianniu\Wormhole\vendor\laravel\framework\src\Illuminate\Foundation\Console\Kernel.php(121): Symfony\Component\Console\Application->run(Object(Symfony\Component\Console\Input\ArgvInput), Object(Symfony\Component\Console\Output\ConsoleOutput))
#3 E:\code\qianniu\Wormhole\artisan(36): Illuminate\Foundation\Console\Kernel->handle(Object(Symfony\Component\Console\Input\ArgvInput), Object(Symfony\Component\Console\Output\ConsoleOutput))
#4 {main}  
[2018-05-01 16:05:40] local.ERROR: exception 'ErrorException' with message 'stream_socket_server() has been disabled for security reasons' in /data/Wormhole/vendor/workerman/workerman/Worker.php:1992
Stack trace:
#0 [internal function]: Illuminate\Foundation\Bootstrap\HandleExceptions->handleError(2, 'stream_socket_s...', '/data/Wormhole/...', 1992, Array)
#1 /data/Wormhole/vendor/workerman/workerman/Worker.php(1992): stream_socket_server('tcp://0.0.0.0:1...', 0, '', 12, Resource id #271)
#2 /data/Wormhole/vendor/workerman/workerman/Worker.php(578): Workerman\Worker->listen()
#3 /data/Wormhole/vendor/workerman/workerman/Worker.php(462): Workerman\Worker::initWorkers()
#4 /data/Wormhole/app/Console/Commands/GatewayAll.php(73): Workerman\Worker::runAll()
#5 [internal function]: Wormhole\Console\Commands\GatewayAll->handle()
#6 /data/Wormhole/bootstrap/cache/compiled.php(1375): call_user_func_array(Array, Array)
#7 /data/Wormhole/vendor/laravel/framework/src/Illuminate/Console/Command.php(169): Illuminate\Container\Container->call(Array)
#8 /data/Wormhole/vendor/symfony/console/Command/Command.php(261): Illuminate\Console\Command->execute(Object(Symfony\Component\Console\Input\ArgvInput), Object(Symfony\Component\Console\Output\ConsoleOutput))
#9 /data/Wormhole/vendor/laravel/framework/src/Illuminate/Console/Command.php(155): Symfony\Component\Console\Command\Command->run(Object(Symfony\Component\Console\Input\ArgvInput), Object(Symfony\Component\Console\Output\ConsoleOutput))
#10 /data/Wormhole/vendor/symfony/console/Application.php(817): Illuminate\Console\Command->run(Object(Symfony\Component\Console\Input\ArgvInput), Object(Symfony\Component\Console\Output\ConsoleOutput))
#11 /data/Wormhole/vendor/symfony/console/Application.php(185): Symfony\Component\Console\Application->doRunCommand(Object(Wormhole\Console\Commands\GatewayAll), Object(Symfony\Component\Console\Input\ArgvInput), Object(Symfony\Component\Console\Output\ConsoleOutput))
#12 /data/Wormhole/vendor/symfony/console/Application.php(116): Symfony\Component\Console\Application->doRun(Object(Symfony\Component\Console\Input\ArgvInput), Object(Symfony\Component\Console\Output\ConsoleOutput))
#13 /data/Wormhole/vendor/laravel/framework/src/Illuminate/Foundation/Console/Kernel.php(121): Symfony\Component\Console\Application->run(Object(Symfony\Component\Console\Input\ArgvInput), Object(Symfony\Component\Console\Output\ConsoleOutput))
#14 /data/Wormhole/artisan(36): Illuminate\Foundation\Console\Kernel->handle(Object(Symfony\Component\Console\Input\ArgvInput), Object(Symfony\Component\Console\Output\ConsoleOutput))
#15 {main}  
[2018-05-01 16:20:55] local.DEBUG: Wormhole\Protocols/Wormhole\Protocols\BaseEvents/onConnect@79New connect id : 2d3e66b3132c00000001 , address:114.95.196.54 , port : 51113 
  
[2018-05-01 16:32:42] local.DEBUG: Wormhole\Protocols/Wormhole\Protocols\BaseEvents/onClose@199 Start, client: 2d3e66b3132c00000001   
[2018-05-01 16:32:42] local.DEBUG: Wormhole\Protocols/Wormhole\Protocols\BaseEvents/onClose@207 END

  
[2018-05-01 22:25:15] local.ERROR: exception 'PDOException' with message 'SQLSTATE[HY000] [1049] Unknown database 'qianniu'' in /data/Wormhole/vendor/laravel/framework/src/Illuminate/Database/Connectors/Connector.php:119
Stack trace:
#0 /data/Wormhole/vendor/laravel/framework/src/Illuminate/Database/Connectors/Connector.php(119): PDO->__construct('mysql:host=loca...', 'root', '123456', Array)
#1 /data/Wormhole/vendor/laravel/framework/src/Illuminate/Database/Connectors/Connector.php(56): Illuminate\Database\Connectors\Connector->createPdoConnection('mysql:host=loca...', 'root', '123456', Array)
#2 /data/Wormhole/vendor/laravel/framework/src/Illuminate/Database/Connectors/MySqlConnector.php(24): Illuminate\Database\Connectors\Connector->createConnection('mysql:host=loca...', Array, Array)
#3 /data/Wormhole/bootstrap/cache/compiled.php(12036): Illuminate\Database\Connectors\MySqlConnector->connect(Array)
#4 [internal function]: Illuminate\Database\Connectors\ConnectionFactory->Illuminate\Database\Connectors\{closure}()
#5 /data/Wormhole/vendor/laravel/framework/src/Illuminate/Database/Connection.php(965): call_user_func(Object(Closure))
#6 /data/Wormhole/vendor/laravel/framework/src/Illuminate/Database/Connection.php(986): Illuminate\Database\Connection->getPdo()
#7 /data/Wormhole/vendor/laravel/framework/src/Illuminate/Database/Connection.php(423): Illuminate\Database\Connection->getReadPdo()
#8 /data/Wormhole/vendor/laravel/framework/src/Illuminate/Database/Connection.php(333): Illuminate\Database\Connection->getPdoForSelect(true)
#9 /data/Wormhole/vendor/laravel/framework/src/Illuminate/Database/Connection.php(763): Illuminate\Database\Connection->Illuminate\Database\{closure}(Object(Illuminate\Database\MySqlConnection), 'select * from `...', Array)
#10 /data/Wormhole/vendor/laravel/framework/src/Illuminate/Database/Connection.php(726): Illuminate\Database\Connection->runQueryCallback('select * from `...', Array, Object(Closure))
#11 /data/Wormhole/vendor/laravel/framework/src/Illuminate/Database/Connection.php(351): Illuminate\Database\Connection->run('select * from `...', Array, Object(Closure))
#12 /data/Wormhole/vendor/laravel/framework/src/Illuminate/Database/Query/Builder.php(1648): Illuminate\Database\Connection->select('select * from `...', Array, true)
#13 /data/Wormhole/vendor/laravel/framework/src/Illuminate/Database/Query/Builder.php(1634): Illuminate\Database\Query\Builder->runSelect()
#14 /data/Wormhole/vendor/laravel/framework/src/Illuminate/Database/Eloquent/Builder.php(638): Illuminate\Database\Query\Builder->get(Array)
#15 /data/Wormhole/vendor/laravel/framework/src/Illuminate/Database/Eloquent/Builder.php(327): Illuminate\Database\Eloquent\Builder->getModels(Array)
#16 /data/Wormhole/vendor/laravel/framework/src/Illuminate/Database/Eloquent/Builder.php(297): Illuminate\Database\Eloquent\Builder->get(Array)
#17 /data/Wormhole/app/Protocols/QuChong/Controllers/Api/EvseController.php(118): Illuminate\Database\Eloquent\Builder->first()
#18 [internal function]: Wormhole\Protocols\QuChong\Controllers\Api\EvseController->test('hash')
#19 /data/Wormhole/bootstrap/cache/compiled.php(9584): call_user_func_array(Array, Array)
#20 /data/Wormhole/bootstrap/cache/compiled.php(9611): Illuminate\Routing\Controller->callAction('test', Array)
#21 /data/Wormhole/bootstrap/cache/compiled.php(8665): Illuminate\Routing\ControllerDispatcher->dispatch(Object(Illuminate\Routing\Route), Object(Wormhole\Protocols\QuChong\Controllers\Api\EvseController), 'test')
#22 /data/Wormhole/bootstrap/cache/compiled.php(8646): Illuminate\Routing\Route->runController()
#23 /data/Wormhole/bootstrap/cache/compiled.php(8355): Illuminate\Routing\Route->run(Object(Dingo\Api\Http\Request))
#24 /data/Wormhole/vendor/laravel/framework/src/Illuminate/Routing/Pipeline.php(53): Illuminate\Routing\Router->Illuminate\Routing\{closure}(Object(Dingo\Api\Http\Request))
#25 /data/Wormhole/vendor/dingo/api/src/Http/Middleware/PrepareController.php(45): Illuminate\Routing\Pipeline->Illuminate\Routing\{closure}(Object(Dingo\Api\Http\Request))
#26 /data/Wormhole/bootstrap/cache/compiled.php(10069): Dingo\Api\Http\Middleware\PrepareController->handle(Object(Dingo\Api\Http\Request), Object(Closure))
#27 /data/Wormhole/vendor/laravel/framework/src/Illuminate/Routing/Pipeline.php(33): Illuminate\Pipeline\Pipeline->Illuminate\Pipeline\{closure}(Object(Dingo\Api\Http\Request))
#28 /data/Wormhole/bootstrap/cache/compiled.php(10054): Illuminate\Routing\Pipeline->Illuminate\Routing\{closure}(Object(Dingo\Api\Http\Request))
#29 /data/Wormhole/bootstrap/cache/compiled.php(8356): Illuminate\Pipeline\Pipeline->then(Object(Closure))
#30 /data/Wormhole/bootstrap/cache/compiled.php(8347): Illuminate\Routing\Router->runRouteWithinStack(Object(Illuminate\Routing\Route), Object(Dingo\Api\Http\Request))
#31 /data/Wormhole/bootstrap/cache/compiled.php(8338): Illuminate\Routing\Router->dispatchToRoute(Object(Dingo\Api\Http\Request))
#32 /data/Wormhole/vendor/dingo/api/src/Routing/Adapter/Laravel.php(81): Illuminate\Routing\Router->dispatch(Object(Dingo\Api\Http\Request))
#33 /data/Wormhole/vendor/dingo/api/src/Routing/Router.php(513): Dingo\Api\Routing\Adapter\Laravel->dispatch(Object(Dingo\Api\Http\Request), 'QuChong')
#34 /data/Wormhole/vendor/dingo/api/src/Http/Middleware/Request.php(126): Dingo\Api\Routing\Router->dispatch(Object(Dingo\Api\Http\Request))
#35 /data/Wormhole/bootstrap/cache/compiled.php(10076): Dingo\Api\Http\Middleware\Request->Dingo\Api\Http\Middleware\{closure}(Object(Dingo\Api\Http\Request))
#36 /data/Wormhole/bootstrap/cache/compiled.php(3374): Illuminate\Pipeline\Pipeline->Illuminate\Pipeline\{closure}(Object(Dingo\Api\Http\Request))
#37 /data/Wormhole/bootstrap/cache/compiled.php(10069): Illuminate\Foundation\Http\Middleware\CheckForMaintenanceMode->handle(Object(Dingo\Api\Http\Request), Object(Closure))
#38 /data/Wormhole/bootstrap/cache/compiled.php(10054): Illuminate\Pipeline\Pipeline->Illuminate\Pipeline\{closure}(Object(Dingo\Api\Http\Request))
#39 /data/Wormhole/vendor/dingo/api/src/Http/Middleware/Request.php(127): Illuminate\Pipeline\Pipeline->then(Object(Closure))
#40 /data/Wormhole/vendor/dingo/api/src/Http/Middleware/Request.php(103): Dingo\Api\Http\Middleware\Request->sendRequestThroughRouter(Object(Dingo\Api\Http\Request))
#41 /data/Wormhole/bootstrap/cache/compiled.php(10069): Dingo\Api\Http\Middleware\Request->handle(Object(Illuminate\Http\Request), Object(Closure))
#42 /data/Wormhole/vendor/laravel/framework/src/Illuminate/Routing/Pipeline.php(33): Illuminate\Pipeline\Pipeline->Illuminate\Pipeline\{closure}(Object(Illuminate\Http\Request))
#43 /data/Wormhole/bootstrap/cache/compiled.php(10054): Illuminate\Routing\Pipeline->Illuminate\Routing\{closure}(Object(Illuminate\Http\Request))
#44 /data/Wormhole/bootstrap/cache/compiled.php(2519): Illuminate\Pipeline\Pipeline->then(Object(Closure))
#45 /data/Wormhole/bootstrap/cache/compiled.php(2503): Illuminate\Foundation\Http\Kernel->sendRequestThroughRouter(Object(Illuminate\Http\Request))
#46 /data/Wormhole/public/index.php(53): Illuminate\Foundation\Http\Kernel->handle(Object(Illuminate\Http\Request))
#47 {main}  
[2018-05-01 22:25:15] local.ERROR: exception 'PDOException' with message 'SQLSTATE[HY000] [1049] Unknown database 'qianniu'' in /data/Wormhole/vendor/laravel/framework/src/Illuminate/Database/Connectors/Connector.php:119
Stack trace:
#0 /data/Wormhole/vendor/laravel/framework/src/Illuminate/Database/Connectors/Connector.php(119): PDO->__construct('mysql:host=loca...', 'root', '123456', Array)
#1 /data/Wormhole/vendor/laravel/framework/src/Illuminate/Database/Connectors/Connector.php(56): Illuminate\Database\Connectors\Connector->createPdoConnection('mysql:host=loca...', 'root', '123456', Array)
#2 /data/Wormhole/vendor/laravel/framework/src/Illuminate/Database/Connectors/MySqlConnector.php(24): Illuminate\Database\Connectors\Connector->createConnection('mysql:host=loca...', Array, Array)
#3 /data/Wormhole/bootstrap/cache/compiled.php(12036): Illuminate\Database\Connectors\MySqlConnector->connect(Array)
#4 [internal function]: Illuminate\Database\Connectors\ConnectionFactory->Illuminate\Database\Connectors\{closure}()
#5 /data/Wormhole/vendor/laravel/framework/src/Illuminate/Database/Connection.php(965): call_user_func(Object(Closure))
#6 /data/Wormhole/vendor/laravel/framework/src/Illuminate/Database/Connection.php(986): Illuminate\Database\Connection->getPdo()
#7 /data/Wormhole/vendor/laravel/framework/src/Illuminate/Database/Connection.php(423): Illuminate\Database\Connection->getReadPdo()
#8 /data/Wormhole/vendor/laravel/framework/src/Illuminate/Database/Connection.php(333): Illuminate\Database\Connection->getPdoForSelect(true)
#9 /data/Wormhole/vendor/laravel/framework/src/Illuminate/Database/Connection.php(763): Illuminate\Database\Connection->Illuminate\Database\{closure}(Object(Illuminate\Database\MySqlConnection), 'select * from `...', Array)
#10 /data/Wormhole/vendor/laravel/framework/src/Illuminate/Database/Connection.php(726): Illuminate\Database\Connection->runQueryCallback('select * from `...', Array, Object(Closure))
#11 /data/Wormhole/vendor/laravel/framework/src/Illuminate/Database/Connection.php(351): Illuminate\Database\Connection->run('select * from `...', Array, Object(Closure))
#12 /data/Wormhole/vendor/laravel/framework/src/Illuminate/Database/Query/Builder.php(1648): Illuminate\Database\Connection->select('select * from `...', Array, true)
#13 /data/Wormhole/vendor/laravel/framework/src/Illuminate/Database/Query/Builder.php(1634): Illuminate\Database\Query\Builder->runSelect()
#14 /data/Wormhole/vendor/laravel/framework/src/Illuminate/Database/Eloquent/Builder.php(638): Illuminate\Database\Query\Builder->get(Array)
#15 /data/Wormhole/vendor/laravel/framework/src/Illuminate/Database/Eloquent/Builder.php(327): Illuminate\Database\Eloquent\Builder->getModels(Array)
#16 /data/Wormhole/vendor/laravel/framework/src/Illuminate/Database/Eloquent/Builder.php(297): Illuminate\Database\Eloquent\Builder->get(Array)
#17 /data/Wormhole/app/Protocols/QuChong/Controllers/Api/EvseController.php(118): Illuminate\Database\Eloquent\Builder->first()
#18 [internal function]: Wormhole\Protocols\QuChong\Controllers\Api\EvseController->test('hash')
#19 /data/Wormhole/bootstrap/cache/compiled.php(9584): call_user_func_array(Array, Array)
#20 /data/Wormhole/bootstrap/cache/compiled.php(9611): Illuminate\Routing\Controller->callAction('test', Array)
#21 /data/Wormhole/bootstrap/cache/compiled.php(8665): Illuminate\Routing\ControllerDispatcher->dispatch(Object(Illuminate\Routing\Route), Object(Wormhole\Protocols\QuChong\Controllers\Api\EvseController), 'test')
#22 /data/Wormhole/bootstrap/cache/compiled.php(8646): Illuminate\Routing\Route->runController()
#23 /data/Wormhole/bootstrap/cache/compiled.php(8355): Illuminate\Routing\Route->run(Object(Dingo\Api\Http\Request))
#24 /data/Wormhole/vendor/laravel/framework/src/Illuminate/Routing/Pipeline.php(53): Illuminate\Routing\Router->Illuminate\Routing\{closure}(Object(Dingo\Api\Http\Request))
#25 /data/Wormhole/vendor/dingo/api/src/Http/Middleware/PrepareController.php(45): Illuminate\Routing\Pipeline->Illuminate\Routing\{closure}(Object(Dingo\Api\Http\Request))
#26 /data/Wormhole/bootstrap/cache/compiled.php(10069): Dingo\Api\Http\Middleware\PrepareController->handle(Object(Dingo\Api\Http\Request), Object(Closure))
#27 /data/Wormhole/vendor/laravel/framework/src/Illuminate/Routing/Pipeline.php(33): Illuminate\Pipeline\Pipeline->Illuminate\Pipeline\{closure}(Object(Dingo\Api\Http\Request))
#28 /data/Wormhole/bootstrap/cache/compiled.php(10054): Illuminate\Routing\Pipeline->Illuminate\Routing\{closure}(Object(Dingo\Api\Http\Request))
#29 /data/Wormhole/bootstrap/cache/compiled.php(8356): Illuminate\Pipeline\Pipeline->then(Object(Closure))
#30 /data/Wormhole/bootstrap/cache/compiled.php(8347): Illuminate\Routing\Router->runRouteWithinStack(Object(Illuminate\Routing\Route), Object(Dingo\Api\Http\Request))
#31 /data/Wormhole/bootstrap/cache/compiled.php(8338): Illuminate\Routing\Router->dispatchToRoute(Object(Dingo\Api\Http\Request))
#32 /data/Wormhole/vendor/dingo/api/src/Routing/Adapter/Laravel.php(81): Illuminate\Routing\Router->dispatch(Object(Dingo\Api\Http\Request))
#33 /data/Wormhole/vendor/dingo/api/src/Routing/Router.php(513): Dingo\Api\Routing\Adapter\Laravel->dispatch(Object(Dingo\Api\Http\Request), 'QuChong')
#34 /data/Wormhole/vendor/dingo/api/src/Http/Middleware/Request.php(126): Dingo\Api\Routing\Router->dispatch(Object(Dingo\Api\Http\Request))
#35 /data/Wormhole/bootstrap/cache/compiled.php(10076): Dingo\Api\Http\Middleware\Request->Dingo\Api\Http\Middleware\{closure}(Object(Dingo\Api\Http\Request))
#36 /data/Wormhole/bootstrap/cache/compiled.php(3374): Illuminate\Pipeline\Pipeline->Illuminate\Pipeline\{closure}(Object(Dingo\Api\Http\Request))
#37 /data/Wormhole/bootstrap/cache/compiled.php(10069): Illuminate\Foundation\Http\Middleware\CheckForMaintenanceMode->handle(Object(Dingo\Api\Http\Request), Object(Closure))
#38 /data/Wormhole/bootstrap/cache/compiled.php(10054): Illuminate\Pipeline\Pipeline->Illuminate\Pipeline\{closure}(Object(Dingo\Api\Http\Request))
#39 /data/Wormhole/vendor/dingo/api/src/Http/Middleware/Request.php(127): Illuminate\Pipeline\Pipeline->then(Object(Closure))
#40 /data/Wormhole/vendor/dingo/api/src/Http/Middleware/Request.php(103): Dingo\Api\Http\Middleware\Request->sendRequestThroughRouter(Object(Dingo\Api\Http\Request))
#41 /data/Wormhole/bootstrap/cache/compiled.php(10069): Dingo\Api\Http\Middleware\Request->handle(Object(Illuminate\Http\Request), Object(Closure))
#42 /data/Wormhole/vendor/laravel/framework/src/Illuminate/Routing/Pipeline.php(33): Illuminate\Pipeline\Pipeline->Illuminate\Pipeline\{closure}(Object(Illuminate\Http\Request))
#43 /data/Wormhole/bootstrap/cache/compiled.php(10054): Illuminate\Routing\Pipeline->Illuminate\Routing\{closure}(Object(Illuminate\Http\Request))
#44 /data/Wormhole/bootstrap/cache/compiled.php(2519): Illuminate\Pipeline\Pipeline->then(Object(Closure))
#45 /data/Wormhole/bootstrap/cache/compiled.php(2503): Illuminate\Foundation\Http\Kernel->sendRequestThroughRouter(Object(Illuminate\Http\Request))
#46 /data/Wormhole/public/index.php(53): Illuminate\Foundation\Http\Kernel->handle(Object(Illuminate\Http\Request))
#47 {main}

Next exception 'Illuminate\Database\QueryException' with message 'SQLSTATE[HY000] [1049] Unknown database 'qianniu' (SQL: select * from `quchong_ports` where `monitor_code` = 123 and `quchong_ports`.`deleted_at` is null limit 1)' in /data/Wormhole/vendor/laravel/framework/src/Illuminate/Database/Connection.php:770
Stack trace:
#0 /data/Wormhole/vendor/laravel/framework/src/Illuminate/Database/Connection.php(726): Illuminate\Database\Connection->runQueryCallback('select * from `...', Array, Object(Closure))
#1 /data/Wormhole/vendor/laravel/framework/src/Illuminate/Database/Connection.php(351): Illuminate\Database\Connection->run('select * from `...', Array, Object(Closure))
#2 /data/Wormhole/vendor/laravel/framework/src/Illuminate/Database/Query/Builder.php(1648): Illuminate\Database\Connection->select('select * from `...', Array, true)
#3 /data/Wormhole/vendor/laravel/framework/src/Illuminate/Database/Query/Builder.php(1634): Illuminate\Database\Query\Builder->runSelect()
#4 /data/Wormhole/vendor/laravel/framework/src/Illuminate/Database/Eloquent/Builder.php(638): Illuminate\Database\Query\Builder->get(Array)
#5 /data/Wormhole/vendor/laravel/framework/src/Illuminate/Database/Eloquent/Builder.php(327): Illuminate\Database\Eloquent\Builder->getModels(Array)
#6 /data/Wormhole/vendor/laravel/framework/src/Illuminate/Database/Eloquent/Builder.php(297): Illuminate\Database\Eloquent\Builder->get(Array)
#7 /data/Wormhole/app/Protocols/QuChong/Controllers/Api/EvseController.php(118): Illuminate\Database\Eloquent\Builder->first()
#8 [internal function]: Wormhole\Protocols\QuChong\Controllers\Api\EvseController->test('hash')
#9 /data/Wormhole/bootstrap/cache/compiled.php(9584): call_user_func_array(Array, Array)
#10 /data/Wormhole/bootstrap/cache/compiled.php(9611): Illuminate\Routing\Controller->callAction('test', Array)
#11 /data/Wormhole/bootstrap/cache/compiled.php(8665): Illuminate\Routing\ControllerDispatcher->dispatch(Object(Illuminate\Routing\Route), Object(Wormhole\Protocols\QuChong\Controllers\Api\EvseController), 'test')
#12 /data/Wormhole/bootstrap/cache/compiled.php(8646): Illuminate\Routing\Route->runController()
#13 /data/Wormhole/bootstrap/cache/compiled.php(8355): Illuminate\Routing\Route->run(Object(Dingo\Api\Http\Request))
#14 /data/Wormhole/vendor/laravel/framework/src/Illuminate/Routing/Pipeline.php(53): Illuminate\Routing\Router->Illuminate\Routing\{closure}(Object(Dingo\Api\Http\Request))
#15 /data/Wormhole/vendor/dingo/api/src/Http/Middleware/PrepareController.php(45): Illuminate\Routing\Pipeline->Illuminate\Routing\{closure}(Object(Dingo\Api\Http\Request))
#16 /data/Wormhole/bootstrap/cache/compiled.php(10069): Dingo\Api\Http\Middleware\PrepareController->handle(Object(Dingo\Api\Http\Request), Object(Closure))
#17 /data/Wormhole/vendor/laravel/framework/src/Illuminate/Routing/Pipeline.php(33): Illuminate\Pipeline\Pipeline->Illuminate\Pipeline\{closure}(Object(Dingo\Api\Http\Request))
#18 /data/Wormhole/bootstrap/cache/compiled.php(10054): Illuminate\Routing\Pipeline->Illuminate\Routing\{closure}(Object(Dingo\Api\Http\Request))
#19 /data/Wormhole/bootstrap/cache/compiled.php(8356): Illuminate\Pipeline\Pipeline->then(Object(Closure))
#20 /data/Wormhole/bootstrap/cache/compiled.php(8347): Illuminate\Routing\Router->runRouteWithinStack(Object(Illuminate\Routing\Route), Object(Dingo\Api\Http\Request))
#21 /data/Wormhole/bootstrap/cache/compiled.php(8338): Illuminate\Routing\Router->dispatchToRoute(Object(Dingo\Api\Http\Request))
#22 /data/Wormhole/vendor/dingo/api/src/Routing/Adapter/Laravel.php(81): Illuminate\Routing\Router->dispatch(Object(Dingo\Api\Http\Request))
#23 /data/Wormhole/vendor/dingo/api/src/Routing/Router.php(513): Dingo\Api\Routing\Adapter\Laravel->dispatch(Object(Dingo\Api\Http\Request), 'QuChong')
#24 /data/Wormhole/vendor/dingo/api/src/Http/Middleware/Request.php(126): Dingo\Api\Routing\Router->dispatch(Object(Dingo\Api\Http\Request))
#25 /data/Wormhole/bootstrap/cache/compiled.php(10076): Dingo\Api\Http\Middleware\Request->Dingo\Api\Http\Middleware\{closure}(Object(Dingo\Api\Http\Request))
#26 /data/Wormhole/bootstrap/cache/compiled.php(3374): Illuminate\Pipeline\Pipeline->Illuminate\Pipeline\{closure}(Object(Dingo\Api\Http\Request))
#27 /data/Wormhole/bootstrap/cache/compiled.php(10069): Illuminate\Foundation\Http\Middleware\CheckForMaintenanceMode->handle(Object(Dingo\Api\Http\Request), Object(Closure))
#28 /data/Wormhole/bootstrap/cache/compiled.php(10054): Illuminate\Pipeline\Pipeline->Illuminate\Pipeline\{closure}(Object(Dingo\Api\Http\Request))
#29 /data/Wormhole/vendor/dingo/api/src/Http/Middleware/Request.php(127): Illuminate\Pipeline\Pipeline->then(Object(Closure))
#30 /data/Wormhole/vendor/dingo/api/src/Http/Middleware/Request.php(103): Dingo\Api\Http\Middleware\Request->sendRequestThroughRouter(Object(Dingo\Api\Http\Request))
#31 /data/Wormhole/bootstrap/cache/compiled.php(10069): Dingo\Api\Http\Middleware\Request->handle(Object(Illuminate\Http\Request), Object(Closure))
#32 /data/Wormhole/vendor/laravel/framework/src/Illuminate/Routing/Pipeline.php(33): Illuminate\Pipeline\Pipeline->Illuminate\Pipeline\{closure}(Object(Illuminate\Http\Request))
#33 /data/Wormhole/bootstrap/cache/compiled.php(10054): Illuminate\Routing\Pipeline->Illuminate\Routing\{closure}(Object(Illuminate\Http\Request))
#34 /data/Wormhole/bootstrap/cache/compiled.php(2519): Illuminate\Pipeline\Pipeline->then(Object(Closure))
#35 /data/Wormhole/bootstrap/cache/compiled.php(2503): Illuminate\Foundation\Http\Kernel->sendRequestThroughRouter(Object(Illuminate\Http\Request))
#36 /data/Wormhole/public/index.php(53): Illuminate\Foundation\Http\Kernel->handle(Object(Illuminate\Http\Request))
#37 {main}  
[2018-05-01 22:25:15] local.ERROR: exception 'PDOException' with message 'SQLSTATE[HY000] [1049] Unknown database 'qianniu'' in /data/Wormhole/vendor/laravel/framework/src/Illuminate/Database/Connectors/Connector.php:119
Stack trace:
#0 /data/Wormhole/vendor/laravel/framework/src/Illuminate/Database/Connectors/Connector.php(119): PDO->__construct('mysql:host=loca...', 'root', '123456', Array)
#1 /data/Wormhole/vendor/laravel/framework/src/Illuminate/Database/Connectors/Connector.php(56): Illuminate\Database\Connectors\Connector->createPdoConnection('mysql:host=loca...', 'root', '123456', Array)
#2 /data/Wormhole/vendor/laravel/framework/src/Illuminate/Database/Connectors/MySqlConnector.php(24): Illuminate\Database\Connectors\Connector->createConnection('mysql:host=loca...', Array, Array)
#3 /data/Wormhole/bootstrap/cache/compiled.php(12036): Illuminate\Database\Connectors\MySqlConnector->connect(Array)
#4 [internal function]: Illuminate\Database\Connectors\ConnectionFactory->Illuminate\Database\Connectors\{closure}()
#5 /data/Wormhole/vendor/laravel/framework/src/Illuminate/Database/Connection.php(965): call_user_func(Object(Closure))
#6 /data/Wormhole/vendor/laravel/framework/src/Illuminate/Database/Connection.php(986): Illuminate\Database\Connection->getPdo()
#7 /data/Wormhole/vendor/laravel/framework/src/Illuminate/Database/Connection.php(423): Illuminate\Database\Connection->getReadPdo()
#8 /data/Wormhole/vendor/laravel/framework/src/Illuminate/Database/Connection.php(333): Illuminate\Database\Connection->getPdoForSelect(true)
#9 /data/Wormhole/vendor/laravel/framework/src/Illuminate/Database/Connection.php(763): Illuminate\Database\Connection->Illuminate\Database\{closure}(Object(Illuminate\Database\MySqlConnection), 'select * from `...', Array)
#10 /data/Wormhole/vendor/laravel/framework/src/Illuminate/Database/Connection.php(726): Illuminate\Database\Connection->runQueryCallback('select * from `...', Array, Object(Closure))
#11 /data/Wormhole/vendor/laravel/framework/src/Illuminate/Database/Connection.php(351): Illuminate\Database\Connection->run('select * from `...', Array, Object(Closure))
#12 /data/Wormhole/vendor/laravel/framework/src/Illuminate/Database/Query/Builder.php(1648): Illuminate\Database\Connection->select('select * from `...', Array, true)
#13 /data/Wormhole/vendor/laravel/framework/src/Illuminate/Database/Query/Builder.php(1634): Illuminate\Database\Query\Builder->runSelect()
#14 /data/Wormhole/vendor/laravel/framework/src/Illuminate/Database/Eloquent/Builder.php(638): Illuminate\Database\Query\Builder->get(Array)
#15 /data/Wormhole/vendor/laravel/framework/src/Illuminate/Database/Eloquent/Builder.php(327): Illuminate\Database\Eloquent\Builder->getModels(Array)
#16 /data/Wormhole/vendor/laravel/framework/src/Illuminate/Database/Eloquent/Builder.php(297): Illuminate\Database\Eloquent\Builder->get(Array)
#17 /data/Wormhole/app/Protocols/QuChong/Controllers/Api/EvseController.php(118): Illuminate\Database\Eloquent\Builder->first()
#18 [internal function]: Wormhole\Protocols\QuChong\Controllers\Api\EvseController->test('hash')
#19 /data/Wormhole/bootstrap/cache/compiled.php(9584): call_user_func_array(Array, Array)
#20 /data/Wormhole/bootstrap/cache/compiled.php(9611): Illuminate\Routing\Controller->callAction('test', Array)
#21 /data/Wormhole/bootstrap/cache/compiled.php(8665): Illuminate\Routing\ControllerDispatcher->dispatch(Object(Illuminate\Routing\Route), Object(Wormhole\Protocols\QuChong\Controllers\Api\EvseController), 'test')
#22 /data/Wormhole/bootstrap/cache/compiled.php(8646): Illuminate\Routing\Route->runController()
#23 /data/Wormhole/bootstrap/cache/compiled.php(8355): Illuminate\Routing\Route->run(Object(Dingo\Api\Http\Request))
#24 /data/Wormhole/vendor/laravel/framework/src/Illuminate/Routing/Pipeline.php(53): Illuminate\Routing\Router->Illuminate\Routing\{closure}(Object(Dingo\Api\Http\Request))
#25 /data/Wormhole/vendor/dingo/api/src/Http/Middleware/PrepareController.php(45): Illuminate\Routing\Pipeline->Illuminate\Routing\{closure}(Object(Dingo\Api\Http\Request))
#26 /data/Wormhole/bootstrap/cache/compiled.php(10069): Dingo\Api\Http\Middleware\PrepareController->handle(Object(Dingo\Api\Http\Request), Object(Closure))
#27 /data/Wormhole/vendor/laravel/framework/src/Illuminate/Routing/Pipeline.php(33): Illuminate\Pipeline\Pipeline->Illuminate\Pipeline\{closure}(Object(Dingo\Api\Http\Request))
#28 /data/Wormhole/bootstrap/cache/compiled.php(10054): Illuminate\Routing\Pipeline->Illuminate\Routing\{closure}(Object(Dingo\Api\Http\Request))
#29 /data/Wormhole/bootstrap/cache/compiled.php(8356): Illuminate\Pipeline\Pipeline->then(Object(Closure))
#30 /data/Wormhole/bootstrap/cache/compiled.php(8347): Illuminate\Routing\Router->runRouteWithinStack(Object(Illuminate\Routing\Route), Object(Dingo\Api\Http\Request))
#31 /data/Wormhole/bootstrap/cache/compiled.php(8338): Illuminate\Routing\Router->dispatchToRoute(Object(Dingo\Api\Http\Request))
#32 /data/Wormhole/vendor/dingo/api/src/Routing/Adapter/Laravel.php(81): Illuminate\Routing\Router->dispatch(Object(Dingo\Api\Http\Request))
#33 /data/Wormhole/vendor/dingo/api/src/Routing/Router.php(513): Dingo\Api\Routing\Adapter\Laravel->dispatch(Object(Dingo\Api\Http\Request), 'QuChong')
#34 /data/Wormhole/vendor/dingo/api/src/Http/Middleware/Request.php(126): Dingo\Api\Routing\Router->dispatch(Object(Dingo\Api\Http\Request))
#35 /data/Wormhole/bootstrap/cache/compiled.php(10076): Dingo\Api\Http\Middleware\Request->Dingo\Api\Http\Middleware\{closure}(Object(Dingo\Api\Http\Request))
#36 /data/Wormhole/bootstrap/cache/compiled.php(3374): Illuminate\Pipeline\Pipeline->Illuminate\Pipeline\{closure}(Object(Dingo\Api\Http\Request))
#37 /data/Wormhole/bootstrap/cache/compiled.php(10069): Illuminate\Foundation\Http\Middleware\CheckForMaintenanceMode->handle(Object(Dingo\Api\Http\Request), Object(Closure))
#38 /data/Wormhole/bootstrap/cache/compiled.php(10054): Illuminate\Pipeline\Pipeline->Illuminate\Pipeline\{closure}(Object(Dingo\Api\Http\Request))
#39 /data/Wormhole/vendor/dingo/api/src/Http/Middleware/Request.php(127): Illuminate\Pipeline\Pipeline->then(Object(Closure))
#40 /data/Wormhole/vendor/dingo/api/src/Http/Middleware/Request.php(103): Dingo\Api\Http\Middleware\Request->sendRequestThroughRouter(Object(Dingo\Api\Http\Request))
#41 /data/Wormhole/bootstrap/cache/compiled.php(10069): Dingo\Api\Http\Middleware\Request->handle(Object(Illuminate\Http\Request), Object(Closure))
#42 /data/Wormhole/vendor/laravel/framework/src/Illuminate/Routing/Pipeline.php(33): Illuminate\Pipeline\Pipeline->Illuminate\Pipeline\{closure}(Object(Illuminate\Http\Request))
#43 /data/Wormhole/bootstrap/cache/compiled.php(10054): Illuminate\Routing\Pipeline->Illuminate\Routing\{closure}(Object(Illuminate\Http\Request))
#44 /data/Wormhole/bootstrap/cache/compiled.php(2519): Illuminate\Pipeline\Pipeline->then(Object(Closure))
#45 /data/Wormhole/bootstrap/cache/compiled.php(2503): Illuminate\Foundation\Http\Kernel->sendRequestThroughRouter(Object(Illuminate\Http\Request))
#46 /data/Wormhole/public/index.php(53): Illuminate\Foundation\Http\Kernel->handle(Object(Illuminate\Http\Request))
#47 {main}

Next exception 'Illuminate\Database\QueryException' with message 'SQLSTATE[HY000] [1049] Unknown database 'qianniu' (SQL: select * from `quchong_ports` where `monitor_code` = 123 and `quchong_ports`.`deleted_at` is null limit 1)' in /data/Wormhole/vendor/laravel/framework/src/Illuminate/Database/Connection.php:770
Stack trace:
#0 /data/Wormhole/vendor/laravel/framework/src/Illuminate/Database/Connection.php(726): Illuminate\Database\Connection->runQueryCallback('select * from `...', Array, Object(Closure))
#1 /data/Wormhole/vendor/laravel/framework/src/Illuminate/Database/Connection.php(351): Illuminate\Database\Connection->run('select * from `...', Array, Object(Closure))
#2 /data/Wormhole/vendor/laravel/framework/src/Illuminate/Database/Query/Builder.php(1648): Illuminate\Database\Connection->select('select * from `...', Array, true)
#3 /data/Wormhole/vendor/laravel/framework/src/Illuminate/Database/Query/Builder.php(1634): Illuminate\Database\Query\Builder->runSelect()
#4 /data/Wormhole/vendor/laravel/framework/src/Illuminate/Database/Eloquent/Builder.php(638): Illuminate\Database\Query\Builder->get(Array)
#5 /data/Wormhole/vendor/laravel/framework/src/Illuminate/Database/Eloquent/Builder.php(327): Illuminate\Database\Eloquent\Builder->getModels(Array)
#6 /data/Wormhole/vendor/laravel/framework/src/Illuminate/Database/Eloquent/Builder.php(297): Illuminate\Database\Eloquent\Builder->get(Array)
#7 /data/Wormhole/app/Protocols/QuChong/Controllers/Api/EvseController.php(118): Illuminate\Database\Eloquent\Builder->first()
#8 [internal function]: Wormhole\Protocols\QuChong\Controllers\Api\EvseController->test('hash')
#9 /data/Wormhole/bootstrap/cache/compiled.php(9584): call_user_func_array(Array, Array)
#10 /data/Wormhole/bootstrap/cache/compiled.php(9611): Illuminate\Routing\Controller->callAction('test', Array)
#11 /data/Wormhole/bootstrap/cache/compiled.php(8665): Illuminate\Routing\ControllerDispatcher->dispatch(Object(Illuminate\Routing\Route), Object(Wormhole\Protocols\QuChong\Controllers\Api\EvseController), 'test')
#12 /data/Wormhole/bootstrap/cache/compiled.php(8646): Illuminate\Routing\Route->runController()
#13 /data/Wormhole/bootstrap/cache/compiled.php(8355): Illuminate\Routing\Route->run(Object(Dingo\Api\Http\Request))
#14 /data/Wormhole/vendor/laravel/framework/src/Illuminate/Routing/Pipeline.php(53): Illuminate\Routing\Router->Illuminate\Routing\{closure}(Object(Dingo\Api\Http\Request))
#15 /data/Wormhole/vendor/dingo/api/src/Http/Middleware/PrepareController.php(45): Illuminate\Routing\Pipeline->Illuminate\Routing\{closure}(Object(Dingo\Api\Http\Request))
#16 /data/Wormhole/bootstrap/cache/compiled.php(10069): Dingo\Api\Http\Middleware\PrepareController->handle(Object(Dingo\Api\Http\Request), Object(Closure))
#17 /data/Wormhole/vendor/laravel/framework/src/Illuminate/Routing/Pipeline.php(33): Illuminate\Pipeline\Pipeline->Illuminate\Pipeline\{closure}(Object(Dingo\Api\Http\Request))
#18 /data/Wormhole/bootstrap/cache/compiled.php(10054): Illuminate\Routing\Pipeline->Illuminate\Routing\{closure}(Object(Dingo\Api\Http\Request))
#19 /data/Wormhole/bootstrap/cache/compiled.php(8356): Illuminate\Pipeline\Pipeline->then(Object(Closure))
#20 /data/Wormhole/bootstrap/cache/compiled.php(8347): Illuminate\Routing\Router->runRouteWithinStack(Object(Illuminate\Routing\Route), Object(Dingo\Api\Http\Request))
#21 /data/Wormhole/bootstrap/cache/compiled.php(8338): Illuminate\Routing\Router->dispatchToRoute(Object(Dingo\Api\Http\Request))
#22 /data/Wormhole/vendor/dingo/api/src/Routing/Adapter/Laravel.php(81): Illuminate\Routing\Router->dispatch(Object(Dingo\Api\Http\Request))
#23 /data/Wormhole/vendor/dingo/api/src/Routing/Router.php(513): Dingo\Api\Routing\Adapter\Laravel->dispatch(Object(Dingo\Api\Http\Request), 'QuChong')
#24 /data/Wormhole/vendor/dingo/api/src/Http/Middleware/Request.php(126): Dingo\Api\Routing\Router->dispatch(Object(Dingo\Api\Http\Request))
#25 /data/Wormhole/bootstrap/cache/compiled.php(10076): Dingo\Api\Http\Middleware\Request->Dingo\Api\Http\Middleware\{closure}(Object(Dingo\Api\Http\Request))
#26 /data/Wormhole/bootstrap/cache/compiled.php(3374): Illuminate\Pipeline\Pipeline->Illuminate\Pipeline\{closure}(Object(Dingo\Api\Http\Request))
#27 /data/Wormhole/bootstrap/cache/compiled.php(10069): Illuminate\Foundation\Http\Middleware\CheckForMaintenanceMode->handle(Object(Dingo\Api\Http\Request), Object(Closure))
#28 /data/Wormhole/bootstrap/cache/compiled.php(10054): Illuminate\Pipeline\Pipeline->Illuminate\Pipeline\{closure}(Object(Dingo\Api\Http\Request))
#29 /data/Wormhole/vendor/dingo/api/src/Http/Middleware/Request.php(127): Illuminate\Pipeline\Pipeline->then(Object(Closure))
#30 /data/Wormhole/vendor/dingo/api/src/Http/Middleware/Request.php(103): Dingo\Api\Http\Middleware\Request->sendRequestThroughRouter(Object(Dingo\Api\Http\Request))
#31 /data/Wormhole/bootstrap/cache/compiled.php(10069): Dingo\Api\Http\Middleware\Request->handle(Object(Illuminate\Http\Request), Object(Closure))
#32 /data/Wormhole/vendor/laravel/framework/src/Illuminate/Routing/Pipeline.php(33): Illuminate\Pipeline\Pipeline->Illuminate\Pipeline\{closure}(Object(Illuminate\Http\Request))
#33 /data/Wormhole/bootstrap/cache/compiled.php(10054): Illuminate\Routing\Pipeline->Illuminate\Routing\{closure}(Object(Illuminate\Http\Request))
#34 /data/Wormhole/bootstrap/cache/compiled.php(2519): Illuminate\Pipeline\Pipeline->then(Object(Closure))
#35 /data/Wormhole/bootstrap/cache/compiled.php(2503): Illuminate\Foundation\Http\Kernel->sendRequestThroughRouter(Object(Illuminate\Http\Request))
#36 /data/Wormhole/public/index.php(53): Illuminate\Foundation\Http\Kernel->handle(Object(Illuminate\Http\Request))
#37 {main}  
[2018-05-01 22:42:06] local.DEBUG: Wormhole\Protocols/Wormhole\Protocols\BaseEvents/onConnect@79New connect id : 2d3e66b3132a00000001 , address:114.95.196.54 , port : 57918 
  
[2018-05-01 22:42:07] local.DEBUG: Wormhole\Protocols/Wormhole\Protocols\BaseEvents/onClose@199 Start, client: 2d3e66b3132a00000001   
[2018-05-01 22:42:07] local.DEBUG: Wormhole\Protocols/Wormhole\Protocols\BaseEvents/onClose@207 END

  
[2018-05-01 22:43:01] local.DEBUG: Wormhole\Protocols/Wormhole\Protocols\BaseEvents/onConnect@79New connect id : 2d3e66b3132a00000002 , address:114.95.196.54 , port : 57924 
  
[2018-05-01 22:43:01] local.DEBUG: Wormhole\Protocols/Wormhole\Protocols\BaseEvents/onClose@199 Start, client: 2d3e66b3132a00000002   
[2018-05-01 22:43:01] local.DEBUG: Wormhole\Protocols/Wormhole\Protocols\BaseEvents/onClose@207 END

  
[2018-05-01 22:43:54] local.DEBUG: Wormhole\Protocols/Wormhole\Protocols\BaseEvents/onConnect@79New connect id : 2d3e66b3132a00000003 , address:114.95.196.54 , port : 57930 
  
[2018-05-01 22:43:54] local.DEBUG: Wormhole\Protocols/Wormhole\Protocols\BaseEvents/onClose@199 Start, client: 2d3e66b3132a00000003   
[2018-05-01 22:43:54] local.DEBUG: Wormhole\Protocols/Wormhole\Protocols\BaseEvents/onClose@207 END

  
