Broadcasting queue restart signal.
Broadcasting queue restart signal.
Broadcasting queue restart signal.
Broadcasting queue restart signal.
Broadcasting queue restart signal.
Broadcasting queue restart signal.
Broadcasting queue restart signal.
Broadcasting queue restart signal.
Broadcasting queue restart signal.
Broadcasting queue restart signal.
Broadcasting queue restart signal.
Broadcasting queue restart signal.
Broadcasting queue restart signal.
Broadcasting queue restart signal.
Broadcasting queue restart signal.
Broadcasting queue restart signal.
supervisor: couldn't exec /data/Wormhole/chao.sh: ENOEXEC
supervisor: child process was not spawned
supervisor: couldn't exec /data/Wormhole/chao.sh: ENOEXEC
supervisor: child process was not spawned
supervisor: couldn't exec /data/Wormhole/chao.sh: ENOEXEC
supervisor: child process was not spawned
supervisor: couldn't exec /data/Wormhole/chao.sh: ENOEXEC
supervisor: child process was not spawned
supervisor: couldn't exec /data/Wormhole/chao.sh: ENOEXEC
supervisor: child process was not spawned
supervisor: couldn't exec /data/Wormhole/chao.sh: ENOEXEC
supervisor: child process was not spawned
supervisor: couldn't exec /data/Wormhole/chao.sh: ENOEXEC
supervisor: child process was not spawned
supervisor: couldn't exec /data/Wormhole/chao.sh: ENOEXEC
supervisor: child process was not spawned
supervisor: couldn't exec /data/Wormhole/chao.sh: ENOEXEC
supervisor: child process was not spawned
supervisor: couldn't exec /data/Wormhole/chao.sh: ENOEXEC
supervisor: child process was not spawned
supervisor: couldn't exec /data/Wormhole/chao.sh: ENOEXEC
supervisor: child process was not spawned
supervisor: couldn't exec /data/Wormhole/chao.sh: ENOEXEC
supervisor: child process was not spawned
supervisor: couldn't exec /data/Wormhole/chao.sh: ENOEXEC
supervisor: child process was not spawned
supervisor: couldn't exec /data/Wormhole/chao.sh: ENOEXEC
supervisor: child process was not spawned
supervisor: couldn't exec /data/Wormhole/chao.sh: ENOEXEC
supervisor: child process was not spawned
supervisor: couldn't exec /data/Wormhole/chao.sh: ENOEXEC
supervisor: child process was not spawned
supervisor: couldn't exec /data/Wormhole/chao.sh: ENOEXEC
supervisor: child process was not spawned
supervisor: couldn't exec /data/Wormhole/chao.sh: ENOEXEC
supervisor: child process was not spawned
supervisor: couldn't exec /data/Wormhole/chao.sh: ENOEXEC
supervisor: child process was not spawned
supervisor: couldn't exec /data/Wormhole/chao.sh: ENOEXEC
supervisor: child process was not spawned
supervisor: couldn't exec /data/Wormhole/chao.sh: ENOEXEC
supervisor: child process was not spawned
supervisor: couldn't exec /data/Wormhole/chao.sh: ENOEXEC
supervisor: child process was not spawned
supervisor: couldn't exec /data/Wormhole/chao.sh: ENOEXEC
supervisor: child process was not spawned
supervisor: couldn't exec /data/Wormhole/chao.sh: ENOEXEC
supervisor: child process was not spawned
supervisor: couldn't exec /data/Wormhole/chao.sh: ENOEXEC
supervisor: child process was not spawned
supervisor: couldn't exec /data/Wormhole/chao.sh: ENOEXEC
supervisor: child process was not spawned
supervisor: couldn't exec /data/Wormhole/chao.sh: ENOEXEC
supervisor: child process was not spawned
supervisor: couldn't exec /data/Wormhole/chao.sh: ENOEXEC
supervisor: child process was not spawned
supervisor: couldn't exec /data/Wormhole/chao.sh: ENOEXEC
supervisor: child process was not spawned
supervisor: couldn't exec /data/Wormhole/chao.sh: ENOEXEC
supervisor: child process was not spawned
supervisor: couldn't exec /data/Wormhole/chao.sh: ENOEXEC
supervisor: child process was not spawned
supervisor: couldn't exec /data/Wormhole/chao.sh: ENOEXEC
supervisor: child process was not spawned
supervisor: couldn't exec /data/Wormhole/chao.sh: ENOEXEC
supervisor: child process was not spawned
supervisor: couldn't exec /data/Wormhole/chao.sh: ENOEXEC
supervisor: child process was not spawned
supervisor: couldn't exec /data/Wormhole/chao.sh: ENOEXEC
supervisor: child process was not spawned
supervisor: couldn't exec /data/Wormhole/chao.sh: ENOEXEC
supervisor: child process was not spawned
supervisor: couldn't exec /data/Wormhole/chao.sh: ENOEXEC
supervisor: child process was not spawned
supervisor: couldn't exec /data/Wormhole/chao.sh: ENOEXEC
supervisor: child process was not spawned
supervisor: couldn't exec /data/Wormhole/chao.sh: ENOEXEC
supervisor: child process was not spawned
supervisor: couldn't exec /data/Wormhole/chao.sh: ENOEXEC
supervisor: child process was not spawned
supervisor: couldn't exec /data/Wormhole/chao.sh: ENOEXEC
supervisor: child process was not spawned
supervisor: couldn't exec /data/Wormhole/chao.sh: ENOEXEC
supervisor: child process was not spawned
supervisor: couldn't exec /data/Wormhole/chao.sh: ENOEXEC
supervisor: child process was not spawned
supervisor: couldn't exec /data/Wormhole/chao.sh: ENOEXEC
supervisor: child process was not spawned
supervisor: couldn't exec /data/Wormhole/chao.sh: ENOEXEC
supervisor: child process was not spawned
supervisor: couldn't exec /data/Wormhole/chao.sh: ENOEXEC
supervisor: child process was not spawned
supervisor: couldn't exec /data/Wormhole/chao.sh: ENOEXEC
supervisor: child process was not spawned
supervisor: couldn't exec /data/Wormhole/chao.sh: ENOEXEC
supervisor: child process was not spawned
PHP Fatal error:  Uncaught exception 'UnexpectedValueException' with message 'The stream or file "/data/Wormhole/storage/logs/QianNiu-2018-05-07.log" could not be opened: failed to open stream: Permission denied' in /data/Wormhole/bootstrap/cache/compiled.php:14181
Stack trace:
#0 /data/Wormhole/bootstrap/cache/compiled.php(14282): Monolog\Handler\StreamHandler->write(Array)
#1 /data/Wormhole/bootstrap/cache/compiled.php(14111): Monolog\Handler\RotatingFileHandler->write(Array)
#2 /data/Wormhole/bootstrap/cache/compiled.php(13871): Monolog\Handler\AbstractProcessingHandler->handle(Array)
#3 /data/Wormhole/bootstrap/cache/compiled.php(13969): Monolog\Logger->addRecord(400, Object(UnexpectedValueException), Array)
#4 /data/Wormhole/bootstrap/cache/compiled.php(13664): Monolog\Logger->error(Object(UnexpectedValueException), Array)
#5 /data/Wormhole/bootstrap/cache/compiled.php(13635): Illuminate\Log\Writer->writeLog('error', Object(UnexpectedValueException), Array)
#6 /data/Wormhole/vendor/laravel/framework/src/Illuminate/Foundat in /data/Wormhole/bootstrap/cache/compiled.php on line 14181
PHP Fatal error:  Uncaught exception 'UnexpectedValueException' with message 'The stream or file "/data/Wormhole/storage/logs/QianNiu-2018-05-07.log" could not be opened: failed to open stream: Permission denied' in /data/Wormhole/bootstrap/cache/compiled.php:14181
Stack trace:
#0 /data/Wormhole/bootstrap/cache/compiled.php(14282): Monolog\Handler\StreamHandler->write(Array)
#1 /data/Wormhole/bootstrap/cache/compiled.php(14111): Monolog\Handler\RotatingFileHandler->write(Array)
#2 /data/Wormhole/bootstrap/cache/compiled.php(13871): Monolog\Handler\AbstractProcessingHandler->handle(Array)
#3 /data/Wormhole/bootstrap/cache/compiled.php(13969): Monolog\Logger->addRecord(400, Object(Symfony\Component\Debug\Exception\FatalErrorException), Array)
#4 /data/Wormhole/bootstrap/cache/compiled.php(13664): Monolog\Logger->error(Object(Symfony\Component\Debug\Exception\FatalErrorException), Array)
#5 /data/Wormhole/bootstrap/cache/compiled.php(13635): Illuminate\Log\Writer->writeLog('error', Object(Symfony\Component\Debug\Exception\FatalEr in /data/Wormhole/bootstrap/cache/compiled.php on line 14181
PHP Fatal error:  Uncaught exception 'UnexpectedValueException' with message 'The stream or file "/data/Wormhole/storage/logs/QianNiu-2018-05-07.log" could not be opened: failed to open stream: Permission denied' in /data/Wormhole/bootstrap/cache/compiled.php:14181
Stack trace:
#0 /data/Wormhole/bootstrap/cache/compiled.php(14282): Monolog\Handler\StreamHandler->write(Array)
#1 /data/Wormhole/bootstrap/cache/compiled.php(14111): Monolog\Handler\RotatingFileHandler->write(Array)
#2 /data/Wormhole/bootstrap/cache/compiled.php(13871): Monolog\Handler\AbstractProcessingHandler->handle(Array)
#3 /data/Wormhole/bootstrap/cache/compiled.php(13969): Monolog\Logger->addRecord(400, Object(UnexpectedValueException), Array)
#4 /data/Wormhole/bootstrap/cache/compiled.php(13664): Monolog\Logger->error(Object(UnexpectedValueException), Array)
#5 /data/Wormhole/bootstrap/cache/compiled.php(13635): Illuminate\Log\Writer->writeLog('error', Object(UnexpectedValueException), Array)
#6 /data/Wormhole/vendor/laravel/framework/src/Illuminate/Foundat in /data/Wormhole/bootstrap/cache/compiled.php on line 14181
PHP Fatal error:  Uncaught exception 'UnexpectedValueException' with message 'The stream or file "/data/Wormhole/storage/logs/QianNiu-2018-05-07.log" could not be opened: failed to open stream: Permission denied' in /data/Wormhole/bootstrap/cache/compiled.php:14181
Stack trace:
#0 /data/Wormhole/bootstrap/cache/compiled.php(14282): Monolog\Handler\StreamHandler->write(Array)
#1 /data/Wormhole/bootstrap/cache/compiled.php(14111): Monolog\Handler\RotatingFileHandler->write(Array)
#2 /data/Wormhole/bootstrap/cache/compiled.php(13871): Monolog\Handler\AbstractProcessingHandler->handle(Array)
#3 /data/Wormhole/bootstrap/cache/compiled.php(13969): Monolog\Logger->addRecord(400, Object(Symfony\Component\Debug\Exception\FatalErrorException), Array)
#4 /data/Wormhole/bootstrap/cache/compiled.php(13664): Monolog\Logger->error(Object(Symfony\Component\Debug\Exception\FatalErrorException), Array)
#5 /data/Wormhole/bootstrap/cache/compiled.php(13635): Illuminate\Log\Writer->writeLog('error', Object(Symfony\Component\Debug\Exception\FatalEr in /data/Wormhole/bootstrap/cache/compiled.php on line 14181
PHP Fatal error:  Uncaught exception 'UnexpectedValueException' with message 'The stream or file "/data/Wormhole/storage/logs/QianNiu-2018-05-07.log" could not be opened: failed to open stream: Permission denied' in /data/Wormhole/bootstrap/cache/compiled.php:14181
Stack trace:
#0 /data/Wormhole/bootstrap/cache/compiled.php(14282): Monolog\Handler\StreamHandler->write(Array)
#1 /data/Wormhole/bootstrap/cache/compiled.php(14111): Monolog\Handler\RotatingFileHandler->write(Array)
#2 /data/Wormhole/bootstrap/cache/compiled.php(13871): Monolog\Handler\AbstractProcessingHandler->handle(Array)
#3 /data/Wormhole/bootstrap/cache/compiled.php(13969): Monolog\Logger->addRecord(400, Object(UnexpectedValueException), Array)
#4 /data/Wormhole/bootstrap/cache/compiled.php(13664): Monolog\Logger->error(Object(UnexpectedValueException), Array)
#5 /data/Wormhole/bootstrap/cache/compiled.php(13635): Illuminate\Log\Writer->writeLog('error', Object(UnexpectedValueException), Array)
#6 /data/Wormhole/vendor/laravel/framework/src/Illuminate/Foundat in /data/Wormhole/bootstrap/cache/compiled.php on line 14181
PHP Fatal error:  Uncaught exception 'UnexpectedValueException' with message 'The stream or file "/data/Wormhole/storage/logs/QianNiu-2018-05-07.log" could not be opened: failed to open stream: Permission denied' in /data/Wormhole/bootstrap/cache/compiled.php:14181
Stack trace:
#0 /data/Wormhole/bootstrap/cache/compiled.php(14282): Monolog\Handler\StreamHandler->write(Array)
#1 /data/Wormhole/bootstrap/cache/compiled.php(14111): Monolog\Handler\RotatingFileHandler->write(Array)
#2 /data/Wormhole/bootstrap/cache/compiled.php(13871): Monolog\Handler\AbstractProcessingHandler->handle(Array)
#3 /data/Wormhole/bootstrap/cache/compiled.php(13969): Monolog\Logger->addRecord(400, Object(Symfony\Component\Debug\Exception\FatalErrorException), Array)
#4 /data/Wormhole/bootstrap/cache/compiled.php(13664): Monolog\Logger->error(Object(Symfony\Component\Debug\Exception\FatalErrorException), Array)
#5 /data/Wormhole/bootstrap/cache/compiled.php(13635): Illuminate\Log\Writer->writeLog('error', Object(Symfony\Component\Debug\Exception\FatalEr in /data/Wormhole/bootstrap/cache/compiled.php on line 14181
PHP Fatal error:  Uncaught exception 'UnexpectedValueException' with message 'The stream or file "/data/Wormhole/storage/logs/QianNiu-2018-05-07.log" could not be opened: failed to open stream: Permission denied' in /data/Wormhole/bootstrap/cache/compiled.php:14181
Stack trace:
#0 /data/Wormhole/bootstrap/cache/compiled.php(14282): Monolog\Handler\StreamHandler->write(Array)
#1 /data/Wormhole/bootstrap/cache/compiled.php(14111): Monolog\Handler\RotatingFileHandler->write(Array)
#2 /data/Wormhole/bootstrap/cache/compiled.php(13871): Monolog\Handler\AbstractProcessingHandler->handle(Array)
#3 /data/Wormhole/bootstrap/cache/compiled.php(13969): Monolog\Logger->addRecord(400, Object(UnexpectedValueException), Array)
#4 /data/Wormhole/bootstrap/cache/compiled.php(13664): Monolog\Logger->error(Object(UnexpectedValueException), Array)
#5 /data/Wormhole/bootstrap/cache/compiled.php(13635): Illuminate\Log\Writer->writeLog('error', Object(UnexpectedValueException), Array)
#6 /data/Wormhole/vendor/laravel/framework/src/Illuminate/Foundat in /data/Wormhole/bootstrap/cache/compiled.php on line 14181
PHP Fatal error:  Uncaught exception 'UnexpectedValueException' with message 'The stream or file "/data/Wormhole/storage/logs/QianNiu-2018-05-07.log" could not be opened: failed to open stream: Permission denied' in /data/Wormhole/bootstrap/cache/compiled.php:14181
Stack trace:
#0 /data/Wormhole/bootstrap/cache/compiled.php(14282): Monolog\Handler\StreamHandler->write(Array)
#1 /data/Wormhole/bootstrap/cache/compiled.php(14111): Monolog\Handler\RotatingFileHandler->write(Array)
#2 /data/Wormhole/bootstrap/cache/compiled.php(13871): Monolog\Handler\AbstractProcessingHandler->handle(Array)
#3 /data/Wormhole/bootstrap/cache/compiled.php(13969): Monolog\Logger->addRecord(400, Object(Symfony\Component\Debug\Exception\FatalErrorException), Array)
#4 /data/Wormhole/bootstrap/cache/compiled.php(13664): Monolog\Logger->error(Object(Symfony\Component\Debug\Exception\FatalErrorException), Array)
#5 /data/Wormhole/bootstrap/cache/compiled.php(13635): Illuminate\Log\Writer->writeLog('error', Object(Symfony\Component\Debug\Exception\FatalEr in /data/Wormhole/bootstrap/cache/compiled.php on line 14181
